Arguments: 
  C:\Program Files\nodejs\node.exe C:\Users\kaipipendoragon\AppData\Roaming\npm\node_modules\yarn\bin\yarn.js add --dev webpack-dev-server@3

PATH: 
  C:/Ruby30-x64/lib/ruby/gems/3.0.0/bin;C:\WINDOWS\system32;C:\WINDOWS;C:\WINDOWS\System32\Wbem;C:\WINDOWS\System32\WindowsPowerShell\v1.0\;C:\WINDOWS\System32\OpenSSH\;C:\Program Files\Git\cmd;C:\Program Files\Git\mingw64\bin;C:\Program Files\Git\usr\bin;C:\Program Files\nodejs\;C:\Ruby30-x64\bin;C:\Users\kaipipendoragon\AppData\Local\Microsoft\WindowsApps;;C:\Users\kaipipendoragon\AppData\Local\Programs\Microsoft VS Code\bin;C:\Users\kaipipendoragon\AppData\Roaming\npm

Yarn version: 
  1.22.15

Node version: 
  14.18.0

Platform: 
  win32 x64

Trace: 
  Error: getaddrinfo ENOTFOUND registry.yarnpkg.com
      at GetAddrInfoReqWrap.onlookup [as oncomplete] (dns.js:71:26)

npm manifest: 
  {
    "name": "geektwitter2",
    "private": true,
    "dependencies": {
      "@rails/ujs": "^6.0.0",
      "turbolinks": "^5.2.0",
      "@rails/activestorage": "^6.0.0",
      "@rails/actioncable": "^6.0.0"
    },
    "version": "0.1.0"
  }

yarn manifest: 
  No manifest

Lockfile: 
  No lockfile
